{"C:\\Users\\silas\\TCC\\doctorApp\\assets\\images\\Gradient_BlSPiJo.png": {"path":"C:\\Users\\silas\\TCC\\doctorApp\\assets\\images\\Gradient_BlSPiJo.png","statementMap":{"0":{"start":{"line":1,"column":0},"end":{"line":4,"column":6}}},"fnMap":{},"branchMap":{},"s":{"0":1},"f":{},"b":{},"inputSourceMap":null,"_coverageSchema":"1a1c01bbd47fc00a2c39e90264f33305004495a9","hash":"c418470a993f610a3df56bb807803ce911f7e6f9"}
,"C:\\Users\\silas\\TCC\\doctorApp\\assets\\images\\icon.png": {"path":"C:\\Users\\silas\\TCC\\doctorApp\\assets\\images\\icon.png","statementMap":{"0":{"start":{"line":1,"column":0},"end":{"line":4,"column":6}}},"fnMap":{},"branchMap":{},"s":{"0":2},"f":{},"b":{},"inputSourceMap":null,"_coverageSchema":"1a1c01bbd47fc00a2c39e90264f33305004495a9","hash":"471b213ba9ea9e3df97f1b0469d854fec74fa2fb"}
,"C:\\Users\\silas\\TCC\\doctorApp\\src\\components\\LogoHeader.js": {"path":"C:\\Users\\silas\\TCC\\doctorApp\\src\\components\\LogoHeader.js","statementMap":{"0":{"start":{"line":8,"column":4},"end":{"line":17,"column":6}},"1":{"start":{"line":21,"column":15},"end":{"line":38,"column":2}}},"fnMap":{"0":{"name":"(anonymous_0)","decl":{"start":{"line":6,"column":2},"end":{"line":6,"column":3}},"loc":{"start":{"line":6,"column":11},"end":{"line":18,"column":3}},"line":6}},"branchMap":{},"s":{"0":1,"1":2},"f":{"0":1},"b":{},"_coverageSchema":"1a1c01bbd47fc00a2c39e90264f33305004495a9","hash":"9acc63fd812227d66bf72e6e97e4173bcef22adb"}
,"C:\\Users\\silas\\TCC\\doctorApp\\src\\screens\\Splash.js": {"path":"C:\\Users\\silas\\TCC\\doctorApp\\src\\screens\\Splash.js","statementMap":{"0":{"start":{"line":6,"column":24},"end":{"line":11,"column":5}},"1":{"start":{"line":7,"column":6},"end":{"line":10,"column":7}},"2":{"start":{"line":8,"column":16},"end":{"line":8,"column":55}},"3":{"start":{"line":15,"column":6},"end":{"line":31,"column":7}},"4":{"start":{"line":36,"column":15},"end":{"line":86,"column":2}}},"fnMap":{"0":{"name":"(anonymous_0)","decl":{"start":{"line":6,"column":24},"end":{"line":6,"column":25}},"loc":{"start":{"line":6,"column":29},"end":{"line":11,"column":5}},"line":6},"1":{"name":"(anonymous_1)","decl":{"start":{"line":8,"column":8},"end":{"line":8,"column":9}},"loc":{"start":{"line":8,"column":14},"end":{"line":8,"column":56}},"line":8},"2":{"name":"(anonymous_2)","decl":{"start":{"line":13,"column":4},"end":{"line":13,"column":5}},"loc":{"start":{"line":13,"column":12},"end":{"line":32,"column":5}},"line":13}},"branchMap":{},"s":{"0":1,"1":0,"2":0,"3":1,"4":1},"f":{"0":0,"1":0,"2":1},"b":{},"_coverageSchema":"1a1c01bbd47fc00a2c39e90264f33305004495a9","hash":"e2550e95611bc878dad87b749d38a05866abc2b8"}
,"C:\\Users\\silas\\TCC\\doctorApp\\src\\screens\\auth\\Login.js": {"path":"C:\\Users\\silas\\TCC\\doctorApp\\src\\screens\\auth\\Login.js","statementMap":{"0":{"start":{"line":23,"column":10},"end":{"line":27,"column":3}},"1":{"start":{"line":30,"column":10},"end":{"line":32,"column":3}},"2":{"start":{"line":31,"column":4},"end":{"line":31,"column":39}},"3":{"start":{"line":35,"column":4},"end":{"line":104,"column":6}},"4":{"start":{"line":54,"column":45},"end":{"line":54,"column":67}},"5":{"start":{"line":61,"column":45},"end":{"line":61,"column":67}},"6":{"start":{"line":83,"column":32},"end":{"line":83,"column":72}},"7":{"start":{"line":93,"column":32},"end":{"line":93,"column":72}},"8":{"start":{"line":106,"column":23},"end":{"line":112,"column":1}},"9":{"start":{"line":108,"column":4},"end":{"line":111,"column":5}},"10":{"start":{"line":110,"column":8},"end":{"line":110,"column":49}},"11":{"start":{"line":118,"column":15},"end":{"line":219,"column":2}},"12":{"start":{"line":223,"column":24},"end":{"line":228,"column":1}},"13":{"start":{"line":225,"column":2},"end":{"line":227,"column":3}},"14":{"start":{"line":230,"column":27},"end":{"line":235,"column":1}},"15":{"start":{"line":232,"column":2},"end":{"line":234,"column":3}},"16":{"start":{"line":233,"column":23},"end":{"line":233,"column":44}}},"fnMap":{"0":{"name":"(anonymous_0)","decl":{"start":{"line":30,"column":10},"end":{"line":30,"column":11}},"loc":{"start":{"line":30,"column":15},"end":{"line":32,"column":3}},"line":30},"1":{"name":"(anonymous_1)","decl":{"start":{"line":34,"column":2},"end":{"line":34,"column":3}},"loc":{"start":{"line":34,"column":11},"end":{"line":105,"column":3}},"line":34},"2":{"name":"(anonymous_2)","decl":{"start":{"line":54,"column":36},"end":{"line":54,"column":37}},"loc":{"start":{"line":54,"column":45},"end":{"line":54,"column":67}},"line":54},"3":{"name":"(anonymous_3)","decl":{"start":{"line":61,"column":36},"end":{"line":61,"column":37}},"loc":{"start":{"line":61,"column":45},"end":{"line":61,"column":67}},"line":61},"4":{"name":"(anonymous_4)","decl":{"start":{"line":83,"column":25},"end":{"line":83,"column":26}},"loc":{"start":{"line":83,"column":31},"end":{"line":83,"column":73}},"line":83},"5":{"name":"(anonymous_5)","decl":{"start":{"line":93,"column":25},"end":{"line":93,"column":26}},"loc":{"start":{"line":93,"column":31},"end":{"line":93,"column":73}},"line":93},"6":{"name":"(anonymous_6)","decl":{"start":{"line":106,"column":23},"end":{"line":106,"column":24}},"loc":{"start":{"line":106,"column":36},"end":{"line":112,"column":1}},"line":106},"7":{"name":"(anonymous_7)","decl":{"start":{"line":223,"column":24},"end":{"line":223,"column":25}},"loc":{"start":{"line":223,"column":35},"end":{"line":228,"column":1}},"line":223},"8":{"name":"(anonymous_8)","decl":{"start":{"line":230,"column":27},"end":{"line":230,"column":28}},"loc":{"start":{"line":230,"column":39},"end":{"line":235,"column":1}},"line":230},"9":{"name":"(anonymous_9)","decl":{"start":{"line":233,"column":15},"end":{"line":233,"column":16}},"loc":{"start":{"line":233,"column":23},"end":{"line":233,"column":44}},"line":233}},"branchMap":{"0":{"loc":{"start":{"line":108,"column":4},"end":{"line":111,"column":5}},"type":"if","locations":[{"start":{"line":108,"column":4},"end":{"line":111,"column":5}},{"start":{"line":108,"column":4},"end":{"line":111,"column":5}}],"line":108},"1":{"loc":{"start":{"line":108,"column":7},"end":{"line":108,"column":51}},"type":"binary-expr","locations":[{"start":{"line":108,"column":7},"end":{"line":108,"column":26}},{"start":{"line":108,"column":30},"end":{"line":108,"column":51}}],"line":108}},"s":{"0":0,"1":0,"2":0,"3":0,"4":0,"5":0,"6":0,"7":0,"8":0,"9":0,"10":0,"11":1,"12":1,"13":0,"14":1,"15":0,"16":0},"f":{"0":0,"1":0,"2":0,"3":0,"4":0,"5":0,"6":0,"7":0,"8":0,"9":0},"b":{"0":[0,0],"1":[0,0]},"_coverageSchema":"1a1c01bbd47fc00a2c39e90264f33305004495a9","hash":"80f6523a630c92a4e963642728cfb0041620620b"}
,"C:\\Users\\silas\\TCC\\doctorApp\\src\\store\\actions\\ActionTypes.js": {"path":"C:\\Users\\silas\\TCC\\doctorApp\\src\\store\\actions\\ActionTypes.js","statementMap":{"0":{"start":{"line":4,"column":30},"end":{"line":4,"column":46}},"1":{"start":{"line":7,"column":31},"end":{"line":7,"column":48}},"2":{"start":{"line":10,"column":28},"end":{"line":10,"column":42}},"3":{"start":{"line":13,"column":27},"end":{"line":13,"column":40}},"4":{"start":{"line":16,"column":27},"end":{"line":16,"column":40}},"5":{"start":{"line":19,"column":32},"end":{"line":19,"column":50}},"6":{"start":{"line":22,"column":27},"end":{"line":22,"column":40}},"7":{"start":{"line":24,"column":27},"end":{"line":24,"column":40}},"8":{"start":{"line":27,"column":31},"end":{"line":27,"column":48}}},"fnMap":{},"branchMap":{},"s":{"0":2,"1":2,"2":2,"3":2,"4":2,"5":2,"6":2,"7":2,"8":2},"f":{},"b":{},"_coverageSchema":"1a1c01bbd47fc00a2c39e90264f33305004495a9","hash":"a60e15d4333f6dc61165b791df887bb6a3472cd1"}
,"C:\\Users\\silas\\TCC\\doctorApp\\src\\store\\actions\\Message.js": {"path":"C:\\Users\\silas\\TCC\\doctorApp\\src\\store\\actions\\Message.js","statementMap":{"0":{"start":{"line":5,"column":26},"end":{"line":12,"column":1}},"1":{"start":{"line":7,"column":4},"end":{"line":11,"column":5}}},"fnMap":{"0":{"name":"(anonymous_0)","decl":{"start":{"line":5,"column":26},"end":{"line":5,"column":27}},"loc":{"start":{"line":5,"column":36},"end":{"line":12,"column":1}},"line":5}},"branchMap":{},"s":{"0":1,"1":0},"f":{"0":0},"b":{},"_coverageSchema":"1a1c01bbd47fc00a2c39e90264f33305004495a9","hash":"e59658f3c06b443a190cf086d05eb1aab2df6e82"}
,"C:\\Users\\silas\\TCC\\doctorApp\\src\\store\\actions\\User.js": {"path":"C:\\Users\\silas\\TCC\\doctorApp\\src\\store\\actions\\User.js","statementMap":{"0":{"start":{"line":6,"column":20},"end":{"line":6,"column":63}},"1":{"start":{"line":7,"column":16},"end":{"line":7,"column":57}},"2":{"start":{"line":9,"column":26},"end":{"line":15,"column":1}},"3":{"start":{"line":11,"column":4},"end":{"line":14,"column":5}},"4":{"start":{"line":17,"column":22},"end":{"line":22,"column":1}},"5":{"start":{"line":19,"column":4},"end":{"line":21,"column":5}},"6":{"start":{"line":24,"column":26},"end":{"line":80,"column":1}},"7":{"start":{"line":26,"column":18},"end":{"line":30,"column":5}},"8":{"start":{"line":31,"column":19},"end":{"line":35,"column":5}},"9":{"start":{"line":37,"column":4},"end":{"line":79,"column":5}},"10":{"start":{"line":38,"column":8},"end":{"line":38,"column":31}},"11":{"start":{"line":39,"column":8},"end":{"line":78,"column":14}},"12":{"start":{"line":40,"column":12},"end":{"line":43,"column":15}},"13":{"start":{"line":47,"column":16},"end":{"line":76,"column":17}},"14":{"start":{"line":48,"column":20},"end":{"line":70,"column":26}},"15":{"start":{"line":62,"column":24},"end":{"line":65,"column":27}},"16":{"start":{"line":68,"column":28},"end":{"line":68,"column":49}},"17":{"start":{"line":72,"column":20},"end":{"line":75,"column":23}},"18":{"start":{"line":82,"column":27},"end":{"line":89,"column":1}},"19":{"start":{"line":84,"column":4},"end":{"line":88,"column":5}},"20":{"start":{"line":91,"column":26},"end":{"line":97,"column":1}},"21":{"start":{"line":93,"column":4},"end":{"line":96,"column":5}},"22":{"start":{"line":99,"column":21},"end":{"line":146,"column":1}},"23":{"start":{"line":102,"column":18},"end":{"line":106,"column":5}},"24":{"start":{"line":107,"column":19},"end":{"line":111,"column":5}},"25":{"start":{"line":113,"column":4},"end":{"line":145,"column":5}},"26":{"start":{"line":115,"column":8},"end":{"line":115,"column":31}},"27":{"start":{"line":116,"column":8},"end":{"line":144,"column":14}},"28":{"start":{"line":117,"column":12},"end":{"line":120,"column":15}},"29":{"start":{"line":123,"column":16},"end":{"line":143,"column":17}},"30":{"start":{"line":124,"column":20},"end":{"line":124,"column":49}},"31":{"start":{"line":125,"column":20},"end":{"line":137,"column":26}},"32":{"start":{"line":127,"column":28},"end":{"line":130,"column":31}},"33":{"start":{"line":133,"column":28},"end":{"line":133,"column":45}},"34":{"start":{"line":134,"column":28},"end":{"line":134,"column":53}},"35":{"start":{"line":135,"column":28},"end":{"line":135,"column":54}},"36":{"start":{"line":136,"column":28},"end":{"line":136,"column":50}},"37":{"start":{"line":139,"column":20},"end":{"line":142,"column":23}},"38":{"start":{"line":149,"column":22},"end":{"line":179,"column":1}},"39":{"start":{"line":152,"column":18},"end":{"line":155,"column":5}},"40":{"start":{"line":157,"column":19},"end":{"line":161,"column":5}},"41":{"start":{"line":163,"column":4},"end":{"line":178,"column":5}},"42":{"start":{"line":166,"column":8},"end":{"line":177,"column":14}},"43":{"start":{"line":167,"column":12},"end":{"line":170,"column":15}},"44":{"start":{"line":173,"column":12},"end":{"line":176,"column":15}}},"fnMap":{"0":{"name":"(anonymous_0)","decl":{"start":{"line":9,"column":26},"end":{"line":9,"column":27}},"loc":{"start":{"line":9,"column":34},"end":{"line":15,"column":1}},"line":9},"1":{"name":"(anonymous_1)","decl":{"start":{"line":17,"column":22},"end":{"line":17,"column":23}},"loc":{"start":{"line":17,"column":28},"end":{"line":22,"column":1}},"line":17},"2":{"name":"(anonymous_2)","decl":{"start":{"line":24,"column":26},"end":{"line":24,"column":27}},"loc":{"start":{"line":24,"column":34},"end":{"line":80,"column":1}},"line":24},"3":{"name":"(anonymous_3)","decl":{"start":{"line":37,"column":11},"end":{"line":37,"column":12}},"loc":{"start":{"line":37,"column":23},"end":{"line":79,"column":5}},"line":37},"4":{"name":"(anonymous_4)","decl":{"start":{"line":39,"column":89},"end":{"line":39,"column":90}},"loc":{"start":{"line":39,"column":96},"end":{"line":44,"column":9}},"line":39},"5":{"name":"(anonymous_5)","decl":{"start":{"line":45,"column":18},"end":{"line":45,"column":19}},"loc":{"start":{"line":45,"column":25},"end":{"line":78,"column":13}},"line":45},"6":{"name":"(anonymous_6)","decl":{"start":{"line":61,"column":29},"end":{"line":61,"column":30}},"loc":{"start":{"line":61,"column":36},"end":{"line":66,"column":21}},"line":61},"7":{"name":"(anonymous_7)","decl":{"start":{"line":67,"column":30},"end":{"line":67,"column":31}},"loc":{"start":{"line":67,"column":36},"end":{"line":70,"column":25}},"line":67},"8":{"name":"(anonymous_8)","decl":{"start":{"line":82,"column":27},"end":{"line":82,"column":28}},"loc":{"start":{"line":82,"column":33},"end":{"line":89,"column":1}},"line":82},"9":{"name":"(anonymous_9)","decl":{"start":{"line":91,"column":26},"end":{"line":91,"column":27}},"loc":{"start":{"line":91,"column":32},"end":{"line":97,"column":1}},"line":91},"10":{"name":"(anonymous_10)","decl":{"start":{"line":99,"column":21},"end":{"line":99,"column":22}},"loc":{"start":{"line":99,"column":29},"end":{"line":146,"column":1}},"line":99},"11":{"name":"(anonymous_11)","decl":{"start":{"line":113,"column":11},"end":{"line":113,"column":12}},"loc":{"start":{"line":113,"column":23},"end":{"line":145,"column":5}},"line":113},"12":{"name":"(anonymous_12)","decl":{"start":{"line":116,"column":101},"end":{"line":116,"column":102}},"loc":{"start":{"line":116,"column":108},"end":{"line":121,"column":9}},"line":116},"13":{"name":"(anonymous_13)","decl":{"start":{"line":121,"column":16},"end":{"line":121,"column":17}},"loc":{"start":{"line":121,"column":23},"end":{"line":144,"column":13}},"line":121},"14":{"name":"(anonymous_14)","decl":{"start":{"line":126,"column":31},"end":{"line":126,"column":32}},"loc":{"start":{"line":126,"column":38},"end":{"line":131,"column":25}},"line":126},"15":{"name":"(anonymous_15)","decl":{"start":{"line":132,"column":30},"end":{"line":132,"column":31}},"loc":{"start":{"line":132,"column":37},"end":{"line":137,"column":25}},"line":132},"16":{"name":"(anonymous_16)","decl":{"start":{"line":149,"column":22},"end":{"line":149,"column":23}},"loc":{"start":{"line":149,"column":30},"end":{"line":179,"column":1}},"line":149},"17":{"name":"(anonymous_17)","decl":{"start":{"line":163,"column":11},"end":{"line":163,"column":12}},"loc":{"start":{"line":163,"column":23},"end":{"line":178,"column":5}},"line":163},"18":{"name":"(anonymous_18)","decl":{"start":{"line":166,"column":94},"end":{"line":166,"column":95}},"loc":{"start":{"line":166,"column":101},"end":{"line":171,"column":9}},"line":166},"19":{"name":"(anonymous_19)","decl":{"start":{"line":171,"column":16},"end":{"line":171,"column":17}},"loc":{"start":{"line":171,"column":23},"end":{"line":177,"column":13}},"line":171}},"branchMap":{"0":{"loc":{"start":{"line":47,"column":16},"end":{"line":76,"column":17}},"type":"if","locations":[{"start":{"line":47,"column":16},"end":{"line":76,"column":17}},{"start":{"line":47,"column":16},"end":{"line":76,"column":17}}],"line":47},"1":{"loc":{"start":{"line":123,"column":16},"end":{"line":143,"column":17}},"type":"if","locations":[{"start":{"line":123,"column":16},"end":{"line":143,"column":17}},{"start":{"line":123,"column":16},"end":{"line":143,"column":17}}],"line":123}},"s":{"0":1,"1":1,"2":1,"3":0,"4":1,"5":0,"6":1,"7":0,"8":0,"9":0,"10":0,"11":0,"12":0,"13":0,"14":0,"15":0,"16":0,"17":0,"18":1,"19":0,"20":1,"21":0,"22":1,"23":0,"24":0,"25":0,"26":0,"27":0,"28":0,"29":0,"30":0,"31":0,"32":0,"33":0,"34":0,"35":0,"36":0,"37":0,"38":1,"39":0,"40":0,"41":0,"42":0,"43":0,"44":0},"f":{"0":0,"1":0,"2":0,"3":0,"4":0,"5":0,"6":0,"7":0,"8":0,"9":0,"10":0,"11":0,"12":0,"13":0,"14":0,"15":0,"16":0,"17":0,"18":0,"19":0},"b":{"0":[0,0],"1":[0,0]},"_coverageSchema":"1a1c01bbd47fc00a2c39e90264f33305004495a9","hash":"2f09a994f4891bd91aeece7b220dc6bd5b7d6a31"}
,"C:\\Users\\silas\\TCC\\doctorApp\\src\\store\\reducers\\User.js": {"path":"C:\\Users\\silas\\TCC\\doctorApp\\src\\store\\reducers\\User.js","statementMap":{"0":{"start":{"line":3,"column":28},"end":{"line":9,"column":1}},"1":{"start":{"line":12,"column":23},"end":{"line":43,"column":1}},"2":{"start":{"line":14,"column":4},"end":{"line":42,"column":5}},"3":{"start":{"line":17,"column":12},"end":{"line":22,"column":13}},"4":{"start":{"line":23,"column":12},"end":{"line":23,"column":18}},"5":{"start":{"line":25,"column":12},"end":{"line":27,"column":13}},"6":{"start":{"line":28,"column":12},"end":{"line":28,"column":18}},"7":{"start":{"line":31,"column":12},"end":{"line":34,"column":13}},"8":{"start":{"line":36,"column":12},"end":{"line":39,"column":13}},"9":{"start":{"line":41,"column":12},"end":{"line":41,"column":24}}},"fnMap":{"0":{"name":"(anonymous_0)","decl":{"start":{"line":12,"column":23},"end":{"line":12,"column":24}},"loc":{"start":{"line":12,"column":57},"end":{"line":43,"column":1}},"line":12}},"branchMap":{"0":{"loc":{"start":{"line":12,"column":24},"end":{"line":12,"column":44}},"type":"default-arg","locations":[{"start":{"line":12,"column":32},"end":{"line":12,"column":44}}],"line":12},"1":{"loc":{"start":{"line":14,"column":4},"end":{"line":42,"column":5}},"type":"switch","locations":[{"start":{"line":16,"column":8},"end":{"line":23,"column":18}},{"start":{"line":24,"column":8},"end":{"line":28,"column":18}},{"start":{"line":30,"column":8},"end":{"line":34,"column":13}},{"start":{"line":35,"column":8},"end":{"line":39,"column":13}},{"start":{"line":40,"column":8},"end":{"line":41,"column":24}}],"line":14}},"s":{"0":2,"1":2,"2":2,"3":0,"4":0,"5":0,"6":0,"7":0,"8":0,"9":2},"f":{"0":2},"b":{"0":[0],"1":[0,0,0,0,2]},"_coverageSchema":"1a1c01bbd47fc00a2c39e90264f33305004495a9","hash":"61dccfc8380082e26d4a2ea85b1950e104aff69a"}
}
