TN:
SF:assets\images\Gradient_BlSPiJo.png
FNF:0
FNH:0
DA:1,1
LF:1
LH:1
BRF:0
BRH:0
end_of_record
TN:
SF:assets\images\icon.png
FNF:0
FNH:0
DA:1,2
LF:1
LH:1
BRF:0
BRH:0
end_of_record
TN:
SF:src\components\LogoHeader.js
FN:6,(anonymous_0)
FNF:1
FNH:1
FNDA:1,(anonymous_0)
DA:8,1
DA:21,2
LF:2
LH:2
BRF:0
BRH:0
end_of_record
TN:
SF:src\screens\Splash.js
FN:6,(anonymous_0)
FN:8,(anonymous_1)
FN:13,(anonymous_2)
FNF:3
FNH:1
FNDA:0,(anonymous_0)
FNDA:0,(anonymous_1)
FNDA:1,(anonymous_2)
DA:6,1
DA:7,0
DA:8,0
DA:15,1
DA:36,1
LF:5
LH:3
BRF:0
BRH:0
end_of_record
TN:
SF:src\screens\auth\Login.js
FN:30,(anonymous_0)
FN:34,(anonymous_1)
FN:54,(anonymous_2)
FN:61,(anonymous_3)
FN:83,(anonymous_4)
FN:93,(anonymous_5)
FN:106,(anonymous_6)
FN:223,(anonymous_7)
FN:230,(anonymous_8)
FN:233,(anonymous_9)
FNF:10
FNH:0
FNDA:0,(anonymous_0)
FNDA:0,(anonymous_1)
FNDA:0,(anonymous_2)
FNDA:0,(anonymous_3)
FNDA:0,(anonymous_4)
FNDA:0,(anonymous_5)
FNDA:0,(anonymous_6)
FNDA:0,(anonymous_7)
FNDA:0,(anonymous_8)
FNDA:0,(anonymous_9)
DA:23,0
DA:30,0
DA:31,0
DA:35,0
DA:54,0
DA:61,0
DA:83,0
DA:93,0
DA:106,0
DA:108,0
DA:110,0
DA:118,1
DA:223,1
DA:225,0
DA:230,1
DA:232,0
DA:233,0
LF:17
LH:3
BRDA:108,0,0,0
BRDA:108,0,1,0
BRDA:108,1,0,0
BRDA:108,1,1,0
BRF:4
BRH:0
end_of_record
TN:
SF:src\store\actions\ActionTypes.js
FNF:0
FNH:0
DA:4,2
DA:7,2
DA:10,2
DA:13,2
DA:16,2
DA:19,2
DA:22,2
DA:24,2
DA:27,2
LF:9
LH:9
BRF:0
BRH:0
end_of_record
TN:
SF:src\store\actions\Message.js
FN:5,(anonymous_0)
FNF:1
FNH:0
FNDA:0,(anonymous_0)
DA:5,1
DA:7,0
LF:2
LH:1
BRF:0
BRH:0
end_of_record
TN:
SF:src\store\actions\User.js
FN:9,(anonymous_0)
FN:17,(anonymous_1)
FN:24,(anonymous_2)
FN:37,(anonymous_3)
FN:39,(anonymous_4)
FN:45,(anonymous_5)
FN:61,(anonymous_6)
FN:67,(anonymous_7)
FN:82,(anonymous_8)
FN:91,(anonymous_9)
FN:99,(anonymous_10)
FN:113,(anonymous_11)
FN:116,(anonymous_12)
FN:121,(anonymous_13)
FN:126,(anonymous_14)
FN:132,(anonymous_15)
FN:149,(anonymous_16)
FN:163,(anonymous_17)
FN:166,(anonymous_18)
FN:171,(anonymous_19)
FNF:20
FNH:0
FNDA:0,(anonymous_0)
FNDA:0,(anonymous_1)
FNDA:0,(anonymous_2)
FNDA:0,(anonymous_3)
FNDA:0,(anonymous_4)
FNDA:0,(anonymous_5)
FNDA:0,(anonymous_6)
FNDA:0,(anonymous_7)
FNDA:0,(anonymous_8)
FNDA:0,(anonymous_9)
FNDA:0,(anonymous_10)
FNDA:0,(anonymous_11)
FNDA:0,(anonymous_12)
FNDA:0,(anonymous_13)
FNDA:0,(anonymous_14)
FNDA:0,(anonymous_15)
FNDA:0,(anonymous_16)
FNDA:0,(anonymous_17)
FNDA:0,(anonymous_18)
FNDA:0,(anonymous_19)
DA:6,1
DA:7,1
DA:9,1
DA:11,0
DA:17,1
DA:19,0
DA:24,1
DA:26,0
DA:31,0
DA:37,0
DA:38,0
DA:39,0
DA:40,0
DA:47,0
DA:48,0
DA:62,0
DA:68,0
DA:72,0
DA:82,1
DA:84,0
DA:91,1
DA:93,0
DA:99,1
DA:102,0
DA:107,0
DA:113,0
DA:115,0
DA:116,0
DA:117,0
DA:123,0
DA:124,0
DA:125,0
DA:127,0
DA:133,0
DA:134,0
DA:135,0
DA:136,0
DA:139,0
DA:149,1
DA:152,0
DA:157,0
DA:163,0
DA:166,0
DA:167,0
DA:173,0
LF:45
LH:9
BRDA:47,0,0,0
BRDA:47,0,1,0
BRDA:123,1,0,0
BRDA:123,1,1,0
BRF:4
BRH:0
end_of_record
TN:
SF:src\store\reducers\User.js
FN:12,(anonymous_0)
FNF:1
FNH:1
FNDA:2,(anonymous_0)
DA:3,2
DA:12,2
DA:14,2
DA:17,0
DA:23,0
DA:25,0
DA:28,0
DA:31,0
DA:36,0
DA:41,2
LF:10
LH:4
BRDA:12,0,0,0
BRDA:14,1,0,0
BRDA:14,1,1,0
BRDA:14,1,2,0
BRDA:14,1,3,0
BRDA:14,1,4,2
BRF:6
BRH:1
end_of_record
